Using pre-set license
Built from '2020.3/staging' branch; Version is '2020.3.8f1 (507919d4fff5) revision 5273881'; Using compiler version '192528614'; Build Type 'Release'
OS: 'Windows 10 Home; OS build 18363.1198; Version 1909; 64bit' Language: 'en' Physical Memory: 16282 MB
BatchMode: 1, IsHumanControllingUs: 0, StartBugReporterOnCrash: 0, Is64bit: 1, IsPro: 0

 COMMAND LINE ARGUMENTS:
C:\Program Files\Unity\Hub\Editor\2020.3.8f1\Editor\Unity.exe
-adb2
-batchMode
-noUpm
-name
AssetImportWorker0
-projectPath
D:/Users/Bidisha/Documents/Unity Projects/TOJam/Bones/Bones
-logFile
Logs/AssetImportWorker0.log
-srvPort
51889
Successfully changed project path to: D:/Users/Bidisha/Documents/Unity Projects/TOJam/Bones/Bones
D:/Users/Bidisha/Documents/Unity Projects/TOJam/Bones/Bones
Using Asset Import Pipeline V2.
Refreshing native plugins compatible for Editor in 46.16 ms, found 1 plugins.
Preloading 0 native plugins for Editor in 0.00 ms.
Initialize engine version: 2020.3.8f1 (507919d4fff5)
[Subsystems] Discovering subsystems at path C:/Program Files/Unity/Hub/Editor/2020.3.8f1/Editor/Data/Resources/UnitySubsystems
[Subsystems] Discovering subsystems at path D:/Users/Bidisha/Documents/Unity Projects/TOJam/Bones/Bones/Assets
GfxDevice: creating device client; threaded=0
Direct3D:
    Version:  Direct3D 11.0 [level 11.0]
    Renderer: NVIDIA GeForce GTX 960M (ID=0x139b)
    Vendor:   
    VRAM:     2010 MB
    Driver:   24.21.13.9835
Initialize mono
Mono path[0] = 'C:/Program Files/Unity/Hub/Editor/2020.3.8f1/Editor/Data/Managed'
Mono path[1] = 'C:/Program Files/Unity/Hub/Editor/2020.3.8f1/Editor/Data/MonoBleedingEdge/lib/mono/unityjit'
Mono config path = 'C:/Program Files/Unity/Hub/Editor/2020.3.8f1/Editor/Data/MonoBleedingEdge/etc'
Using monoOptions --debugger-agent=transport=dt_socket,embedding=1,server=y,suspend=n,address=127.0.0.1:56936
Begin MonoManager ReloadAssembly
Registering precompiled unity dll's ...
Register platform support module: C:/Program Files/Unity/Hub/Editor/2020.3.8f1/Editor/Data/PlaybackEngines/WebGLSupport/UnityEditor.WebGL.Extensions.dll
Register platform support module: C:/Program Files/Unity/Hub/Editor/2020.3.8f1/Editor/Data/PlaybackEngines/WindowsStandaloneSupport/UnityEditor.WindowsStandalone.Extensions.dll
Registered in 0.002282 seconds.
Native extension for WindowsStandalone target not found
Native extension for WebGL target not found
Refreshing native plugins compatible for Editor in 37.32 ms, found 1 plugins.
Preloading 0 native plugins for Editor in 0.00 ms.
Mono: successfully reloaded assembly
- Completed reload, in  1.290 seconds
Platform modules already initialized, skipping
Registering precompiled user dll's ...
Registered in 0.000826 seconds.
Begin MonoManager ReloadAssembly
Native extension for WindowsStandalone target not found
Native extension for WebGL target not found
Refreshing native plugins compatible for Editor in 42.20 ms, found 1 plugins.
Preloading 0 native plugins for Editor in 0.00 ms.
Mono: successfully reloaded assembly
- Completed reload, in  0.952 seconds
Platform modules already initialized, skipping
========================================================================
Worker process is ready to serve import requests
Launched and connected shader compiler UnityShaderCompiler.exe after 0.06 seconds
Refreshing native plugins compatible for Editor in 0.35 ms, found 1 plugins.
Preloading 0 native plugins for Editor in 0.00 ms.
Unloading 1808 Unused Serialized files (Serialized files now loaded: 0)
System memory in use before: 84.9 MB.
System memory in use after: 84.8 MB.

Unloading 24 unused Assets to reduce memory usage. Loaded Objects now: 2250.
Total: 2.125200 ms (FindLiveObjects: 0.174700 ms CreateObjectMapping: 0.062500 ms MarkObjects: 1.669000 ms  DeleteObjects: 0.218000 ms)

========================================================================
Received Import Request.
  path: Assets
  artifactKey: Guid(00000000000000001000000000000000) Importer(815301076,1909f56bfc062723c751e8b465ee728b)
Start importing Assets using Guid(00000000000000001000000000000000) Importer(815301076,1909f56bfc062723c751e8b465ee728b)  -> (artifact id: '42d402b061de3733987d63b9cc3b64de') in 0.004248 seconds
  Import took 0.006721 seconds .

========================================================================
Received Import Request.
  Time since last request: 12.029755 seconds.
  path: Assets/Scripts
  artifactKey: Guid(85e9e9f06c7cc8d4d9b7e36f76d7a719) Importer(815301076,1909f56bfc062723c751e8b465ee728b)
Start importing Assets/Scripts using Guid(85e9e9f06c7cc8d4d9b7e36f76d7a719) Importer(815301076,1909f56bfc062723c751e8b465ee728b)  -> (artifact id: 'edecbf158c7e8c942c6948fe13864f92') in 0.006150 seconds
  Import took 0.011577 seconds .

========================================================================
Received Import Request.
  Time since last request: 7.842136 seconds.
  path: Assets/Prefabs
  artifactKey: Guid(d4d20444bf6dc244690a06c6e3f37d68) Importer(815301076,1909f56bfc062723c751e8b465ee728b)
Start importing Assets/Prefabs using Guid(d4d20444bf6dc244690a06c6e3f37d68) Importer(815301076,1909f56bfc062723c751e8b465ee728b)  -> (artifact id: 'd057e3566c45ec85b3852f580bea809f') in 0.006008 seconds
  Import took 0.010840 seconds .

========================================================================
Received Import Request.
  Time since last request: 994.492904 seconds.
  path: Assets/Art
  artifactKey: Guid(7a15983dc40ff704d95ad83a9b381595) Importer(815301076,1909f56bfc062723c751e8b465ee728b)
Start importing Assets/Art using Guid(7a15983dc40ff704d95ad83a9b381595) Importer(815301076,1909f56bfc062723c751e8b465ee728b)  -> (artifact id: '42a6c235da7fcf1415d703e02eb2e63c') in 0.007051 seconds
  Import took 0.011556 seconds .

========================================================================
Received Import Request.
  Time since last request: 7.457875 seconds.
  path: Assets/Sounds
  artifactKey: Guid(47707924b23b0d74cbb430808500bfaf) Importer(815301076,1909f56bfc062723c751e8b465ee728b)
Start importing Assets/Sounds using Guid(47707924b23b0d74cbb430808500bfaf) Importer(815301076,1909f56bfc062723c751e8b465ee728b)  -> (artifact id: '93d8780b1a820a76924aeac5796f1afd') in 0.003880 seconds
  Import took 0.008290 seconds .

========================================================================
Received Import Request.
  Time since last request: 42.925598 seconds.
  path: Assets/Scenes
  artifactKey: Guid(c3076bbb2ce36f242991b40a1e76cdfd) Importer(815301076,1909f56bfc062723c751e8b465ee728b)
Start importing Assets/Scenes using Guid(c3076bbb2ce36f242991b40a1e76cdfd) Importer(815301076,1909f56bfc062723c751e8b465ee728b)  -> (artifact id: 'fe2d962282ef8a8d2a27be2356d4e2a1') in 0.018178 seconds
  Import took 0.021584 seconds .

========================================================================
Received Import Request.
  Time since last request: 13.555780 seconds.
  path: Assets/Scenes/SampleScene.unity
  artifactKey: Guid(2cda990e2423bbf4892e6590ba056729) Importer(815301076,1909f56bfc062723c751e8b465ee728b)
Start importing Assets/Scenes/SampleScene.unity using Guid(2cda990e2423bbf4892e6590ba056729) Importer(815301076,1909f56bfc062723c751e8b465ee728b)  -> (artifact id: 'aa27944bdea339c97c39027c7eea529c') in 0.019645 seconds
  Import took 0.024613 seconds .

========================================================================
Received Import Request.
  Time since last request: 58.120276 seconds.
  path: Assets/Scenes/MenuScene.unity
  artifactKey: Guid(2cda990e2423bbf4892e6590ba056729) Importer(815301076,1909f56bfc062723c751e8b465ee728b)
Start importing Assets/Scenes/MenuScene.unity using Guid(2cda990e2423bbf4892e6590ba056729) Importer(815301076,1909f56bfc062723c751e8b465ee728b)  -> (artifact id: '322a1f413364ceb0f26bed01c9332cec') in 0.005154 seconds
  Import took 0.009406 seconds .

========================================================================
Received Import Request.
  Time since last request: 44.014981 seconds.
  path: Assets/Scenes/GameScene.unity
  artifactKey: Guid(c37a44ef60ab1094d8c956249bfd3f55) Importer(815301076,1909f56bfc062723c751e8b465ee728b)
Start importing Assets/Scenes/GameScene.unity using Guid(c37a44ef60ab1094d8c956249bfd3f55) Importer(815301076,1909f56bfc062723c751e8b465ee728b)  -> (artifact id: '12f750dfdde2011f3c2bf69447dc3250') in 0.006570 seconds
  Import took 0.011456 seconds .

